=~=~=~=~=~=~=~=~=~=~=~= PuTTY log 2020.10.14 10:25:32 =~=~=~=~=~=~=~=~=~=~=~=
login as: thomas
thomas@192.168.193.128's password: 
Last login: Wed Oct 14 09:18:16 2020 from 192.168.193.1
[thomas@localhost ~]$ ls
 a                   documents.tar.gz   file3                      Openbaar
 Afbeeldingen        Downloads          ilnx-labos-2021-thomaxxl   Sjablonen
 Bureaublad          f                  linux                      TEST
 Documenten          file1              linux.tar.bz2              test.txt
 documents.tar.bz2   file2              Muziek                    "Video's"
[thomas@localhost ~]$ find / -type d > all.txt 2>&1
[thomas@localhost ~]$ less all.txt 7
/
/boot
/boot/extlinux
/boot/loader
/boot/loader/entries
find: /boot/loader/entries: Toegang geweigerd
/boot/efi
find: /boot/efi: Toegang geweigerd
/boot/lost+found
find: /boot/lost+found: Toegang geweigerd
/boot/grub2
find: /boot/grub2: Toegang geweigerd
/proc
/proc/fs
/proc/fs/ext4
/proc/fs/ext4/dm-0
/proc/fs/ext4/sda1
/proc/fs/jbd2
/proc/fs/jbd2/dm-0-8
/proc/fs/jbd2/sda1-8
/proc/fs/nfsd
/proc/bus
/proc/bus/pci
all.txt[thomas@localhost ~]$ cd ilnx-labos-2021-thomaxxl/
[thomas@localhost ilnx-labos-2021-thomaxxl]$ git remote -v
origingit@github.com:hogenttin/ilnx-labos-2021-thomaxxl.git (fetch)
origingit@github.com:hogenttin/ilnx-labos-2021-thomaxxl.git (push)
[thomas@localhost ilnx-labos-2021-thomaxxl]$ 
[thomas@localhost ilnx-labos-2021-thomaxxl]$ 
[thomas@localhost ilnx-labos-2021-thomaxxl]$ ssh-keygen
Generating public/private rsa key pair.
Enter file in which to save the key (/home/thomas/.ssh/id_rsa): 
/home/thomas/.ssh/id_rsa already exists.
Overwrite (y/n)? 