=~=~=~=~=~=~=~=~=~=~=~= PuTTY log 2020.10.14 12:58:41 =~=~=~=~=~=~=~=~=~=~=~=
login as: thomas
thomas@192.168.193.128's password: 
Last login: Wed Oct 14 10:25:37 2020 from 192.168.193.1
[thomas@localhost ~]$ ls
 a                   documents.tar.gz   ilnx-labos-2021-thomaxxl   TEST
 Afbeeldingen        Downloads          linux                      test.txt
 all.txt             f                  linux.tar.bz2             "Video's"
 Bureaublad          file1              Muziek
 Documenten          file2              Openbaar
 documents.tar.bz2   file3              Sjablonen
[thomas@localhost ~]$ cd ilnx-labos-2021-thomaxxl/n
[thomas@localhost ilnx-labos-2021-thomaxxl]$ git remote -v
origingit@github.com:hogenttin/ilnx-labos-2021-thomaxxl.git (fetch)
origingit@github.com:hogenttin/ilnx-labos-2021-thomaxxl.git (push)
[thomas@localhost ilnx-labos-2021-thomaxxl]$ [thomas@localhost ilnx-labos-2021-thomaxxl]$ [thomas@localhost ilnx-labos-2021-thomaxxl]$ ssh-keygen 
Generating public/private rsa key pair.
Enter file in which to save the key (/home/thomas/.ssh/id_rsa): ^C
[thomas@localhost ilnx-labos-2021-thomaxxl]$ 
[thomas@localhost ilnx-labos-2021-thomaxxl]$ cat /home/thomas/.ssh/id_rsa.pub 
ssh-rsa AAAAB3NzaC1yc2EAAAADAQABAAABgQDTY4Nrn3JFP5pzK6KiVGNfQJTjRmYr3KA6jJ2OIxn85JXxeLEDiDqpyQcOgJ2AUq++OQcN+zErWO7L4mKGFb6dSkWDKBU0eIgCZzscAF6iSBnmDS6tKs3BhHr+EYkj7bVJHup/xMeHN3UbLHbvKJ4Rtm40oFZrcYLE7iZPNFBNazTz+XzuGWK4Od2w8PwGDg6tSBu1FiLIwluxCiqN9XMrnhZYuMGccUFLJcZKN8KerbY7scWAktXRvRqSlvwy4eBE0WamFNS/Ye/Jq5QXjIHHBO64/wieL/BwWMKdfenviWI2o4ZpHyWrzc0hBXyVG9/V64HlkUGFVepGUHxItHXok7coW/P5TffmQID7I7UP/qv6w2qx6Yh/LiZwF4MIx0sJxxSFAKPerLRNZjMKowG9N6GhLavYTrNWGl94Fy38ce5Oe9Rkn8hYyp+XOSqD/l0aA18InvAxYEL7ofwQoxdXNfmykUOU19vKirh/uXJ0IZWw+z2C/fZuf4EeUUEDJUE= thomas@localhost.localdomain
[thomas@localhost ilnx-labos-2021-thomaxxl]$ cd /tm